[Licensing::Module] Trying to connect to existing licensing client channel...
Built from '6000.3/respin/6000.3.6f1-732c1ec89f18' branch; Version is '6000.3.6f1 (bbb010bdb8a3) revision 12300304'; Using compiler version '194234433'; Build Type 'Release'
OS: 'Windows 10  (10.0.19045) 64bit Professional' Language: 'en' Physical Memory: 15741 MB
[Licensing::IpcConnector] Successfully connected to: "LicenseClient-Jarren" at "2026-02-01T02:50:16.4428731Z"
BatchMode: 1, IsHumanControllingUs: 0, StartBugReporterOnCrash: 0, Is64bit: 1
System  architecture: x64
Process architecture: x64
Date: 2026-02-01T02:50:16Z

COMMAND LINE ARGUMENTS:
D:\Unity\6000.3.6f1\Editor\Unity.exe
-adb2
-batchMode
-noUpm
-name
AssetImportWorker2
-projectPath
D:/UnityProjects/uwgamejam/uw-game-jam/uw-game-jam
-logFile
Logs/AssetImportWorker2.log
-srvPort
55255
-licensingIpc
LicenseClient-Jarren
-job-worker-count
5
-background-job-worker-count
8
-gc-helper-count
1
-name
AssetImport
Successfully changed project path to: D:/UnityProjects/uwgamejam/uw-game-jam/uw-game-jam
D:/UnityProjects/uwgamejam/uw-game-jam/uw-game-jam
[UnityMemory] Configuration Parameters - Can be set up in boot.config
    "memorysetup-temp-allocator-size-nav-mesh-worker=65536"
    "memorysetup-temp-allocator-size-audio-worker=65536"
    "memorysetup-temp-allocator-size-gfx=262144"
    "memorysetup-allocator-temp-initial-block-size-main=262144"
    "memorysetup-allocator-temp-initial-block-size-worker=262144"
    "memorysetup-temp-allocator-size-background-worker=32768"
    "memorysetup-temp-allocator-size-job-worker=262144"
    "memorysetup-temp-allocator-size-preload-manager=33554432"
    "memorysetup-temp-allocator-size-gi-baking-worker=262144"
    "memorysetup-temp-allocator-size-gi-baking-worker=262144"
    "memorysetup-temp-allocator-size-gi-baking-worker=262144"
    "memorysetup-temp-allocator-size-gi-baking-worker=262144"
    "memorysetup-temp-allocator-size-gi-baking-worker=262144"
    "memorysetup-bucket-allocator-granularity=16"
    "memorysetup-bucket-allocator-bucket-count=8"
    "memorysetup-bucket-allocator-block-size=33554432"
    "memorysetup-bucket-allocator-block-count=8"
    "memorysetup-main-allocator-block-size=16777216"
    "memorysetup-thread-allocator-block-size=16777216"
    "memorysetup-gfx-main-allocator-block-size=16777216"
    "memorysetup-gfx-thread-allocator-block-size=16777216"
    "memorysetup-cache-allocator-block-size=4194304"
    "memorysetup-typetree-allocator-block-size=2097152"
    "memorysetup-profiler-bucket-allocator-granularity=16"
    "memorysetup-profiler-bucket-allocator-bucket-count=8"
    "memorysetup-profiler-bucket-allocator-block-size=33554432"
    "memorysetup-profiler-bucket-allocator-block-count=8"
    "memorysetup-profiler-allocator-block-size=16777216"
    "memorysetup-profiler-editor-allocator-block-size=1048576"
    "memorysetup-temp-allocator-size-main=16777216"
    "memorysetup-job-temp-allocator-block-size=2097152"
    "memorysetup-job-temp-allocator-block-size-background=1048576"
    "memorysetup-job-temp-allocator-reduction-small-platforms=262144"
    "memorysetup-temp-allocator-size-cloud-worker=32768"
Player connection [10956]  Target information:

Player connection [10956]  * "[IP] 172.21.32.1 [Port] 0 [Flags] 2 [Guid] 1607281114 [EditorId] 1607281114 [Version] 1048832 [Id] WindowsEditor(7,LAPTOP-1N1CMAAF) [Debug] 1 [PackageName] WindowsEditor [ProjectName] Editor" 

Player connection [10956]  * "[IP] 192.168.56.1 [Port] 0 [Flags] 2 [Guid] 1607281114 [EditorId] 1607281114 [Version] 1048832 [Id] WindowsEditor(7,LAPTOP-1N1CMAAF) [Debug] 1 [PackageName] WindowsEditor [ProjectName] Editor" 

Player connection [10956]  * "[IP] 172.19.48.1 [Port] 0 [Flags] 2 [Guid] 1607281114 [EditorId] 1607281114 [Version] 1048832 [Id] WindowsEditor(7,LAPTOP-1N1CMAAF) [Debug] 1 [PackageName] WindowsEditor [ProjectName] Editor" 

Player connection [10956]  * "[IP] 172.18.32.1 [Port] 0 [Flags] 2 [Guid] 1607281114 [EditorId] 1607281114 [Version] 1048832 [Id] WindowsEditor(7,LAPTOP-1N1CMAAF) [Debug] 1 [PackageName] WindowsEditor [ProjectName] Editor" 

Player connection [10956]  * "[IP] 172.17.128.1 [Port] 0 [Flags] 2 [Guid] 1607281114 [EditorId] 1607281114 [Version] 1048832 [Id] WindowsEditor(7,LAPTOP-1N1CMAAF) [Debug] 1 [PackageName] WindowsEditor [ProjectName] Editor" 

Player connection [10956]  * "[IP] 172.23.80.1 [Port] 0 [Flags] 2 [Guid] 1607281114 [EditorId] 1607281114 [Version] 1048832 [Id] WindowsEditor(7,LAPTOP-1N1CMAAF) [Debug] 1 [PackageName] WindowsEditor [ProjectName] Editor" 

Player connection [10956]  * "[IP] 10.36.187.116 [Port] 0 [Flags] 2 [Guid] 1607281114 [EditorId] 1607281114 [Version] 1048832 [Id] WindowsEditor(7,LAPTOP-1N1CMAAF) [Debug] 1 [PackageName] WindowsEditor [ProjectName] Editor" 

Unable to join player connection multicast group (err: 10013).
Player connection [10956] Host joined alternative multi-casting on [225.0.0.222:34997]...
JobSystem: Creating JobQueue using job-worker-count value 5
Input System module state changed to: Initialized.
[Physics::Module] Initialized fallback backend.
[Physics::Module] Id: 0xdecafbad
Library Redirect Path: Library/
[Physics::Module] Selected backend.
[Physics::Module] Name: PhysX
[Physics::Module] Id: 0xf2b8ea05
[Physics::Module] SDK Version: 4.1.2
[Physics::Module] Integration Version: 1.0.0
[Physics::Module] Threading Mode: Multi-Threaded
Refreshing native plugins compatible for Editor in 1177.39 ms, found 3 plugins.
Preloading 0 native plugins for Editor in 0.00 ms.
Initialize engine version: 6000.3.6f1 (bbb010bdb8a3)
[Subsystems] Discovering subsystems at path D:/Unity/6000.3.6f1/Editor/Data/Resources/UnitySubsystems
[Subsystems] Discovering subsystems at path D:/UnityProjects/uwgamejam/uw-game-jam/uw-game-jam/Assets
GfxDevice: creating device client; kGfxThreadingModeNonThreaded
Direct3D:
    Version:  Direct3D 11.0 [level 11.1]
    Renderer: NVIDIA GeForce GTX 1650 (ID=0x1f99)
    Vendor:   NVIDIA
    VRAM:     3950 MB
    Driver:   31.0.15.4601
Initialize mono
Mono path[0] = 'D:/Unity/6000.3.6f1/Editor/Data/Managed'
Mono path[1] = 'D:/Unity/6000.3.6f1/Editor/Data/MonoBleedingEdge/lib/mono/unityjit-win32'
Mono config path = 'D:/Unity/6000.3.6f1/Editor/Data/MonoBleedingEdge/etc'
Using monoOptions --debugger-agent=transport=dt_socket,embedding=1,server=y,suspend=n,address=127.0.0.1:56192
Begin MonoManager ReloadAssembly
Registering precompiled unity dll's ...
Register platform support module: D:/Unity/6000.3.6f1/Editor/Data/PlaybackEngines/WebGLSupport/UnityEditor.WebGL.Extensions.dll
Register platform support module: D:/Unity/6000.3.6f1/Editor/Data/PlaybackEngines/WindowsStandaloneSupport/UnityEditor.WindowsStandalone.Extensions.dll
Registered in 0.002121 seconds.
- Loaded All Assemblies, in  4.301 seconds
Native extension for WindowsStandalone target not found
Native extension for WebGL target not found
ScheduleIndexationOnStartup MainProcess:False IndexOnStartup:True
Mono: successfully reloaded assembly
- Finished resetting the current domain, in  1.197 seconds
Domain Reload Profiling: 5497ms
	BeginReloadAssembly (1959ms)
		ExecutionOrderSort (0ms)
		DisableScriptedObjects (0ms)
		BackupInstance (0ms)
		ReleaseScriptingObjects (0ms)
		CreateAndSetChildDomain (1ms)
	RebuildCommonClasses (756ms)
	RebuildNativeTypeToScriptingClass (18ms)
	initialDomainReloadingComplete (52ms)
	LoadAllAssembliesAndSetupDomain (1515ms)
		LoadAssemblies (1981ms)
		RebuildTransferFunctionScriptingTraits (0ms)
		AnalyzeDomain (1488ms)
			TypeCache.Refresh (1486ms)
				TypeCache.ScanAssembly (975ms)
			BuildScriptInfoCaches (0ms)
			ResolveRequiredComponents (1ms)
	FinalizeReload (1197ms)
		ReleaseScriptCaches (0ms)
		RebuildScriptCaches (0ms)
		SetupLoadedEditorAssemblies (1144ms)
			LogAssemblyErrors (0ms)
			InitializePlatformSupportModulesInManaged (75ms)
			SetLoadedEditorAssemblies (5ms)
			BeforeProcessingInitializeOnLoad (115ms)
			ProcessInitializeOnLoadAttributes (248ms)
			ProcessInitializeOnLoadMethodAttributes (701ms)
			AfterProcessingInitializeOnLoad (0ms)
			EditorAssembliesLoaded (0ms)
		ExecutionOrderSort2 (0ms)
		AwakeInstancesAfterBackupRestoration (0ms)
========================================================================
Worker process is ready to serve import requests
Import Worker Mode flag is 0x00
Begin MonoManager ReloadAssembly
[Licensing::Module] Licensing is not yet initialized.
[Licensing::Client] Handshaking with LicensingClient:
  Version:                 1.17.4+4293ba1
  Session Id:              fde2da15e43340ef938fa68c0fc87a7b
  Correlation Id:          bed895ff2e04b2110a33552beecf8ff9
  External correlation Id: 7143124563617756217
  Machine Id:              l5Q81LxRE/cvJWe2Ka5baaWuGR4=
[Licensing::Module] Successfully connected to LicensingClient on channel: "LicenseClient-Jarren" (connect: 0.00s, validation: 0.05s, handshake: 22.45s)
[Licensing::IpcConnector] Successfully connected to: "LicenseClient-Jarren-notifications" at "2026-02-01T02:50:38.9460849Z"
[Licensing::Module] Licensing Background thread has ended after 22.50s
[Licensing::Module] Licensing is initialized (took 11.35s).
[Licensing::Client] Successfully resolved entitlement details
[Licensing::Module] License group:
  Id: F4-XNXH-ASUS-E25D-W22T-XXXX
  Product: Unity Personal
  Type: ULF
  Expiration: Unlimited
[Licensing::Module] License group:
  Id: 3573774145006-UnityPersXXXX
  Product: Unity Personal
  Type: Assigned
  Expiration: Unlimited
Asset path could not be found for script compilation file '/Assets/Scenes/Scripts/AI/Blob.cs'
- Loaded All Assemblies, in 13.325 seconds
Refreshing native plugins compatible for Editor in 1.13 ms, found 3 plugins.
Native extension for WindowsStandalone target not found
Native extension for WebGL target not found
Package Manager log level set to [2]
[Package Manager] Failed to launch server process. Reason: Unity was launched with the -noUpm command-line argument
[Package Manager] Unable to send message (not connected to server process).
[Package Manager] Cannot connect to Unity Package Manager local server
ScheduleIndexationOnStartup MainProcess:False IndexOnStartup:True
Mono: successfully reloaded assembly
- Finished resetting the current domain, in  0.970 seconds
Domain Reload Profiling: 14295ms
	BeginReloadAssembly (11603ms)
		ExecutionOrderSort (0ms)
		DisableScriptedObjects (7ms)
		BackupInstance (0ms)
		ReleaseScriptingObjects (0ms)
		CreateAndSetChildDomain (40ms)
	RebuildCommonClasses (49ms)
	RebuildNativeTypeToScriptingClass (16ms)
	initialDomainReloadingComplete (39ms)
	LoadAllAssembliesAndSetupDomain (1617ms)
		LoadAssemblies (1527ms)
		RebuildTransferFunctionScriptingTraits (0ms)
		AnalyzeDomain (233ms)
			TypeCache.Refresh (179ms)
				TypeCache.ScanAssembly (166ms)
			BuildScriptInfoCaches (46ms)
			ResolveRequiredComponents (5ms)
	FinalizeReload (971ms)
		ReleaseScriptCaches (0ms)
		RebuildScriptCaches (0ms)
		SetupLoadedEditorAssemblies (831ms)
			LogAssemblyErrors (0ms)
			InitializePlatformSupportModulesInManaged (2ms)
			SetLoadedEditorAssemblies (3ms)
			BeforeProcessingInitializeOnLoad (156ms)
			ProcessInitializeOnLoadAttributes (620ms)
			ProcessInitializeOnLoadMethodAttributes (45ms)
			AfterProcessingInitializeOnLoad (4ms)
			EditorAssembliesLoaded (0ms)
		ExecutionOrderSort2 (0ms)
		AwakeInstancesAfterBackupRestoration (9ms)
Launched and connected shader compiler UnityShaderCompiler.exe after 0.11 seconds
Refreshing native plugins compatible for Editor in 1.84 ms, found 3 plugins.
Preloading 0 native plugins for Editor in 0.00 ms.
Unloading 0 Unused Serialized files (Serialized files now loaded: 0)
Unloading 3895 unused Assets / (1.2 MB). Loaded Objects now: 4478.
Memory consumption went from 93.0 MB to 91.8 MB.
Total: 10.259500 ms (FindLiveObjects: 0.531200 ms CreateObjectMapping: 0.533000 ms MarkObjects: 7.868000 ms  DeleteObjects: 1.325100 ms)

========================================================================
Received Import Request.
  Time since last request: 12714.038775 seconds.
  path: Assets/Materials
  artifactKey: Guid(d24dd94131df96c48a12181a7bb42a03) Importer(815301076,1909f56bfc062723c751e8b465ee728b)
Start importing Assets/Materials using Guid(d24dd94131df96c48a12181a7bb42a03) Importer(815301076,1909f56bfc062723c751e8b465ee728b) (PreviewImporter) -> (artifact id: '75fedd03bbe1cb75cf606761b40345ef') in 0.3191558 seconds
Number of updated asset objects reloaded before import = 0Number of asset objects unloaded after import = 0

========================================================================
Received Import Request.
  Time since last request: 0.610129 seconds.
  path: Assets/Materials
  artifactKey: Guid(d24dd94131df96c48a12181a7bb42a03) Importer(2089858483,b0f066a214c2f5e87bad3c948f4d605d)
Start importing Assets/Materials using Guid(d24dd94131df96c48a12181a7bb42a03) Importer(2089858483,b0f066a214c2f5e87bad3c948f4d605d) (ScriptedImporter) -> (artifact id: '7da4e8db43d5b9ee2153fcf12be59074') in 0.2732865 seconds
Number of updated asset objects reloaded before import = 0Number of asset objects unloaded after import = 1

========================================================================
Received Import Request.
  Time since last request: 11.075243 seconds.
  path: Assets/Materials/BlobMat.mat
  artifactKey: Guid(d1d11160766f44a48ada82d6cbc2275e) Importer(815301076,1909f56bfc062723c751e8b465ee728b)
Start importing Assets/Materials/BlobMat.mat using Guid(d1d11160766f44a48ada82d6cbc2275e) Importer(815301076,1909f56bfc062723c751e8b465ee728b) (PreviewImporter) -> (artifact id: '91a56e294f2c9407abdc07c38fc9c8ed') in 0.5105506 seconds
Number of updated asset objects reloaded before import = 0Number of asset objects unloaded after import = 1

========================================================================
Received Import Request.
  Time since last request: 0.326670 seconds.
  path: Assets/Materials/BlobMat.mat
  artifactKey: Guid(d1d11160766f44a48ada82d6cbc2275e) Importer(2089858483,b0f066a214c2f5e87bad3c948f4d605d)
Start importing Assets/Materials/BlobMat.mat using Guid(d1d11160766f44a48ada82d6cbc2275e) Importer(2089858483,b0f066a214c2f5e87bad3c948f4d605d) (ScriptedImporter) -> (artifact id: 'f3200575c4286784f0206daf0f554afc') in 0.0452531 seconds
Number of updated asset objects reloaded before import = 0Number of asset objects unloaded after import = 1

========================================================================
Received Import Request.
  Time since last request: 106.392734 seconds.
  path: Assets/Prefabs/Blob.prefab
  artifactKey: Guid(91b8f4a24b516a5448c1d4f81a8dd48e) Importer(815301076,1909f56bfc062723c751e8b465ee728b)
Start importing Assets/Prefabs/Blob.prefab using Guid(91b8f4a24b516a5448c1d4f81a8dd48e) Importer(815301076,1909f56bfc062723c751e8b465ee728b) (PreviewImporter) -> (artifact id: '987033d95cd04dcb50f274cb648464f6') in 0.000581 seconds
Number of updated asset objects reloaded before import = 0Number of asset objects unloaded after import = 0

========================================================================
Received Import Request.
  Time since last request: 0.592604 seconds.
  path: Assets/Prefabs/Blob.prefab
  artifactKey: Guid(91b8f4a24b516a5448c1d4f81a8dd48e) Importer(2089858483,b0f066a214c2f5e87bad3c948f4d605d)
Start importing Assets/Prefabs/Blob.prefab using Guid(91b8f4a24b516a5448c1d4f81a8dd48e) Importer(2089858483,b0f066a214c2f5e87bad3c948f4d605d) (ScriptedImporter) -> (artifact id: 'ae2d2a69d91f7787e2a8d29dad135ed3') in 0.0160705 seconds
Number of updated asset objects reloaded before import = 0Number of asset objects unloaded after import = 0

========================================================================
Received Import Request.
  Time since last request: 79.616453 seconds.
  path: Assets/Prefabs/Blob.prefab
  artifactKey: Guid(91b8f4a24b516a5448c1d4f81a8dd48e) Importer(815301076,1909f56bfc062723c751e8b465ee728b)
Start importing Assets/Prefabs/Blob.prefab using Guid(91b8f4a24b516a5448c1d4f81a8dd48e) Importer(815301076,1909f56bfc062723c751e8b465ee728b) (PreviewImporter) -> (artifact id: '044bbeff858e973d48c3b8dbf4d49ae5') in 0.0007436 seconds
Number of updated asset objects reloaded before import = 0Number of asset objects unloaded after import = 0

========================================================================
Received Import Request.
  Time since last request: 0.944851 seconds.
  path: Assets/Prefabs/Blob.prefab
  artifactKey: Guid(91b8f4a24b516a5448c1d4f81a8dd48e) Importer(2089858483,b0f066a214c2f5e87bad3c948f4d605d)
Start importing Assets/Prefabs/Blob.prefab using Guid(91b8f4a24b516a5448c1d4f81a8dd48e) Importer(2089858483,b0f066a214c2f5e87bad3c948f4d605d) (ScriptedImporter) -> (artifact id: '318386fca71e436f3f817a457f4af3cb') in 0.1707611 seconds
Number of updated asset objects reloaded before import = 0Number of asset objects unloaded after import = 0

AssetImportWorkerClient::OnTransportError - code=10054 error=An existing connection was forcibly closed by the remote host.
